{"/Users/leosilva/Projects/branas/clean_code/refactory/dist/src/before/calc.js": {"path":"/Users/leosilva/Projects/branas/clean_code/refactory/dist/src/before/calc.js","statementMap":{"0":{"start":{"line":2,"column":0},"end":{"line":2,"column":62}},"1":{"start":{"line":3,"column":0},"end":{"line":3,"column":31}},"2":{"start":{"line":7,"column":15},"end":{"line":7,"column":16}},"3":{"start":{"line":8,"column":4},"end":{"line":41,"column":5}},"4":{"start":{"line":9,"column":8},"end":{"line":40,"column":9}},"5":{"start":{"line":10,"column":12},"end":{"line":35,"column":13}},"6":{"start":{"line":12,"column":16},"end":{"line":30,"column":17}},"7":{"start":{"line":14,"column":20},"end":{"line":20,"column":21}},"8":{"start":{"line":15,"column":24},"end":{"line":15,"column":56}},"9":{"start":{"line":19,"column":24},"end":{"line":19,"column":53}},"10":{"start":{"line":24,"column":20},"end":{"line":29,"column":21}},"11":{"start":{"line":25,"column":24},"end":{"line":25,"column":55}},"12":{"start":{"line":28,"column":24},"end":{"line":28,"column":56}},"13":{"start":{"line":34,"column":16},"end":{"line":34,"column":26}},"14":{"start":{"line":39,"column":12},"end":{"line":39,"column":22}},"15":{"start":{"line":42,"column":4},"end":{"line":47,"column":5}},"16":{"start":{"line":43,"column":8},"end":{"line":43,"column":18}},"17":{"start":{"line":46,"column":8},"end":{"line":46,"column":20}},"18":{"start":{"line":49,"column":0},"end":{"line":49,"column":38}}},"fnMap":{"0":{"name":"calculateRide","decl":{"start":{"line":6,"column":9},"end":{"line":6,"column":22}},"loc":{"start":{"line":6,"column":33},"end":{"line":48,"column":1}},"line":6}},"branchMap":{"0":{"loc":{"start":{"line":9,"column":8},"end":{"line":40,"column":9}},"type":"if","locations":[{"start":{"line":9,"column":8},"end":{"line":40,"column":9}},{"start":{"line":37,"column":13},"end":{"line":40,"column":9}}],"line":9},"1":{"loc":{"start":{"line":9,"column":12},"end":{"line":9,"column":133}},"type":"binary-expr","locations":[{"start":{"line":9,"column":12},"end":{"line":9,"column":36}},{"start":{"line":9,"column":40},"end":{"line":9,"column":69}},{"start":{"line":9,"column":73},"end":{"line":9,"column":109}},{"start":{"line":9,"column":113},"end":{"line":9,"column":133}}],"line":9},"2":{"loc":{"start":{"line":10,"column":12},"end":{"line":35,"column":13}},"type":"if","locations":[{"start":{"line":10,"column":12},"end":{"line":35,"column":13}},{"start":{"line":32,"column":17},"end":{"line":35,"column":13}}],"line":10},"3":{"loc":{"start":{"line":10,"column":16},"end":{"line":10,"column":143}},"type":"binary-expr","locations":[{"start":{"line":10,"column":16},"end":{"line":10,"column":36}},{"start":{"line":10,"column":40},"end":{"line":10,"column":65}},{"start":{"line":10,"column":69},"end":{"line":10,"column":97}},{"start":{"line":10,"column":101},"end":{"line":10,"column":143}}],"line":10},"4":{"loc":{"start":{"line":12,"column":16},"end":{"line":30,"column":17}},"type":"if","locations":[{"start":{"line":12,"column":16},"end":{"line":30,"column":17}},{"start":{"line":22,"column":21},"end":{"line":30,"column":17}}],"line":12},"5":{"loc":{"start":{"line":12,"column":20},"end":{"line":12,"column":81}},"type":"binary-expr","locations":[{"start":{"line":12,"column":20},"end":{"line":12,"column":49}},{"start":{"line":12,"column":53},"end":{"line":12,"column":81}}],"line":12},"6":{"loc":{"start":{"line":14,"column":20},"end":{"line":20,"column":21}},"type":"if","locations":[{"start":{"line":14,"column":20},"end":{"line":20,"column":21}},{"start":{"line":18,"column":25},"end":{"line":20,"column":21}}],"line":14},"7":{"loc":{"start":{"line":24,"column":20},"end":{"line":29,"column":21}},"type":"if","locations":[{"start":{"line":24,"column":20},"end":{"line":29,"column":21}},{"start":{"line":27,"column":25},"end":{"line":29,"column":21}}],"line":24},"8":{"loc":{"start":{"line":42,"column":4},"end":{"line":47,"column":5}},"type":"if","locations":[{"start":{"line":42,"column":4},"end":{"line":47,"column":5}},{"start":{"line":45,"column":9},"end":{"line":47,"column":5}}],"line":42}},"s":{"0":1,"1":1,"2":8,"3":8,"4":9,"5":8,"6":7,"7":3,"8":2,"9":1,"10":4,"11":1,"12":3,"13":1,"14":1,"15":6,"16":1,"17":5,"18":1},"f":{"0":8},"b":{"0":[8,1],"1":[9,9,9,9],"2":[7,1],"3":[8,8,8,8],"4":[3,4],"5":[7,4],"6":[2,1],"7":[1,3],"8":[1,5]},"inputSourceMap":null,"_coverageSchema":"1a1c01bbd47fc00a2c39e90264f33305004495a9","hash":"2e8319afbbd688828dd696b53ede7841534ec505"}
}
