TN:
SF:dist/src/before/calc.js
FN:6,calc
FNF:1
FNH:1
FNDA:1,calc
DA:2,1
DA:3,1
DA:7,1
DA:8,1
DA:9,1
DA:10,1
DA:12,1
DA:14,0
DA:15,0
DA:19,0
DA:24,1
DA:25,0
DA:28,1
DA:34,0
DA:39,0
DA:42,1
DA:43,0
DA:46,1
DA:49,1
LF:19
LH:12
BRDA:9,0,0,1
BRDA:9,0,1,0
BRDA:9,1,0,1
BRDA:9,1,1,1
BRDA:9,1,2,1
BRDA:9,1,3,1
BRDA:10,2,0,1
BRDA:10,2,1,0
BRDA:10,3,0,1
BRDA:10,3,1,1
BRDA:10,3,2,1
BRDA:10,3,3,1
BRDA:12,4,0,0
BRDA:12,4,1,1
BRDA:12,5,0,1
BRDA:12,5,1,1
BRDA:14,6,0,0
BRDA:14,6,1,0
BRDA:24,7,0,0
BRDA:24,7,1,1
BRDA:42,8,0,0
BRDA:42,8,1,1
BRF:22
BRH:15
end_of_record
