TN:
SF:dist/src/before/calc.js
FN:6,calculateRide
FNF:1
FNH:1
FNDA:8,calculateRide
DA:2,1
DA:3,1
DA:7,8
DA:8,8
DA:9,9
DA:10,8
DA:12,7
DA:14,3
DA:15,2
DA:19,1
DA:24,4
DA:25,1
DA:28,3
DA:34,1
DA:39,1
DA:42,6
DA:43,1
DA:46,5
DA:49,1
LF:19
LH:19
BRDA:9,0,0,8
BRDA:9,0,1,1
BRDA:9,1,0,9
BRDA:9,1,1,9
BRDA:9,1,2,9
BRDA:9,1,3,9
BRDA:10,2,0,7
BRDA:10,2,1,1
BRDA:10,3,0,8
BRDA:10,3,1,8
BRDA:10,3,2,8
BRDA:10,3,3,8
BRDA:12,4,0,3
BRDA:12,4,1,4
BRDA:12,5,0,7
BRDA:12,5,1,4
BRDA:14,6,0,2
BRDA:14,6,1,1
BRDA:24,7,0,1
BRDA:24,7,1,3
BRDA:42,8,0,1
BRDA:42,8,1,5
BRF:22
BRH:22
end_of_record
